<?xml version="1.0" encoding="UTF-8"?>
<testng-results skipped="0" failed="0" total="1" passed="1">
  <reporter-output>
  </reporter-output>
  <suite name="Default suite" duration-ms="2819" started-at="2018-10-30T14:30:26Z" finished-at="2018-10-30T14:30:29Z">
    <groups>
      <group name="cucumber">
        <method signature="AbstractTestNGCucumberTests.feature(cucumber.api.testng.CucumberFeatureWrapper)[pri:0, instance:step_definitions.RunnerClass4@887af79]" name="feature" class="cucumber.api.testng.AbstractTestNGCucumberTests"/>
      </group> <!-- cucumber -->
    </groups>
    <test name="Default test" duration-ms="2819" started-at="2018-10-30T14:30:26Z" finished-at="2018-10-30T14:30:29Z">
      <class name="step_definitions.RunnerClass4">
        <test-method status="PASS" signature="setUpClass()[pri:0, instance:step_definitions.RunnerClass4@887af79]" name="setUpClass" is-config="true" duration-ms="756" started-at="2018-10-30T14:30:26Z" finished-at="2018-10-30T14:30:27Z">
          <reporter-output>
          </reporter-output>
        </test-method> <!-- setUpClass -->
        <test-method status="PASS" signature="feature(cucumber.api.testng.CucumberFeatureWrapper)[pri:0, instance:step_definitions.RunnerClass4@887af79]" name="feature" duration-ms="663" started-at="2018-10-30T14:30:27Z" description="Runs Cucumber Feature" data-provider="features" finished-at="2018-10-30T14:30:28Z">
          <params>
            <param index="0">
              <value>
                <![CDATA[card management actions as a guest customer]]>
              </value>
            </param>
          </params>
          <reporter-output>
          </reporter-output>
        </test-method> <!-- feature -->
        <test-method status="PASS" signature="tearDown()[pri:0, instance:step_definitions.RunnerClass4@887af79]" name="tearDown" is-config="true" duration-ms="262" started-at="2018-10-30T14:30:28Z" finished-at="2018-10-30T14:30:28Z">
          <reporter-output>
          </reporter-output>
        </test-method> <!-- tearDown -->
        <test-method status="PASS" signature="tearDownClass()[pri:0, instance:step_definitions.RunnerClass4@887af79]" name="tearDownClass" is-config="true" duration-ms="749" started-at="2018-10-30T14:30:28Z" finished-at="2018-10-30T14:30:29Z">
          <reporter-output>
          </reporter-output>
        </test-method> <!-- tearDownClass -->
      </class> <!-- step_definitions.RunnerClass4 -->
    </test> <!-- Default test -->
  </suite> <!-- Default suite -->
</testng-results>
